<?xml version="1.0" encoding="UTF-8" ?>
<testsuite errors="1" skipped="0" tests="2" time="0.168" failures="0" name="org.jboss.maven.plugin.sample_project.AppTest">
  <properties>
    <property value="Java(TM) 2 Runtime Environment, Standard Edition" name="java.runtime.name"/>
    <property value="/opt/jdk1.5.0_19/jre/lib/i386" name="sun.boot.library.path"/>
    <property value="1.5.0_19-b02" name="java.vm.version"/>
    <property value="Sun Microsystems Inc." name="java.vm.vendor"/>
    <property value="http://java.sun.com/" name="java.vendor.url"/>
    <property value=":" name="path.separator"/>
    <property value="Java HotSpot(TM) Server VM" name="java.vm.name"/>
    <property value="sun.io" name="file.encoding.pkg"/>
    <property value="US" name="user.country"/>
    <property value="SUN_STANDARD" name="sun.java.launcher"/>
    <property value="unknown" name="sun.os.patch.level"/>
    <property value="Java Virtual Machine Specification" name="java.vm.specification.name"/>
    <property value="/home/nboldt/eclipse/workspace-clean36/sample-project" name="user.dir"/>
    <property value="1.5.0_19-b02" name="java.runtime.version"/>
    <property value="sun.awt.X11GraphicsEnvironment" name="java.awt.graphicsenv"/>
    <property value="/home/nboldt/eclipse/workspace-clean36/sample-project" name="basedir"/>
    <property value="/opt/jdk1.5.0_19/jre/lib/endorsed" name="java.endorsed.dirs"/>
    <property value="i386" name="os.arch"/>
    <property value="/tmp/surefirebooter683827171615084996.jar" name="surefire.real.class.path"/>
    <property value="/tmp" name="java.io.tmpdir"/>
    <property value="
" name="line.separator"/>
    <property value="Sun Microsystems Inc." name="java.vm.specification.vendor"/>
    <property value="Linux" name="os.name"/>
    <property value="UTF-8" name="sun.jnu.encoding"/>
    <property value="/opt/jdk1.5.0_19/jre/lib/i386/server:/opt/jdk1.5.0_19/jre/lib/i386:/opt/jdk1.5.0_19/jre/../lib/i386:/usr/lib/xulrunner-1.9.1" name="java.library.path"/>
    <property value="/home/nboldt/eclipse/workspace-clean36/sample-project/target/test-classes:/home/nboldt/eclipse/workspace-clean36/sample-project/target/classes:/home/nboldt/.m2/repository/junit/junit/4.1/junit-4.1.jar:/home/nboldt/.m2/repository/org/codehaus/plexus/plexus-utils/2.0.4/plexus-utils-2.0.4.jar:/home/nboldt/.m2/repository/org/jboss/maven/plugin/sample-plugin/0.0.1-SNAPSHOT/sample-plugin-0.0.1-SNAPSHOT.jar:/home/nboldt/.m2/repository/org/apache/maven/maven-plugin-api/2.0/maven-plugin-api-2.0.jar:" name="surefire.test.class.path"/>
    <property value="Java Platform API Specification" name="java.specification.name"/>
    <property value="49.0" name="java.class.version"/>
    <property value="HotSpot Server Compiler" name="sun.management.compiler"/>
    <property value="2.6.32.21-168.fc12.i686" name="os.version"/>
    <property value="/home/nboldt" name="user.home"/>
    <property value="" name="user.timezone"/>
    <property value="sun.print.PSPrinterJob" name="java.awt.printerjob"/>
    <property value="UTF-8" name="file.encoding"/>
    <property value="1.5" name="java.specification.version"/>
    <property value="nboldt" name="user.name"/>
    <property value="/home/nboldt/eclipse/workspace-clean36/sample-project/target/test-classes:/home/nboldt/eclipse/workspace-clean36/sample-project/target/classes:/home/nboldt/.m2/repository/junit/junit/4.1/junit-4.1.jar:/home/nboldt/.m2/repository/org/codehaus/plexus/plexus-utils/2.0.4/plexus-utils-2.0.4.jar:/home/nboldt/.m2/repository/org/jboss/maven/plugin/sample-plugin/0.0.1-SNAPSHOT/sample-plugin-0.0.1-SNAPSHOT.jar:/home/nboldt/.m2/repository/org/apache/maven/maven-plugin-api/2.0/maven-plugin-api-2.0.jar:" name="java.class.path"/>
    <property value="1.0" name="java.vm.specification.version"/>
    <property value="32" name="sun.arch.data.model"/>
    <property value="/opt/jdk1.5.0_19/jre" name="java.home"/>
    <property value="Sun Microsystems Inc." name="java.specification.vendor"/>
    <property value="en" name="user.language"/>
    <property value="mixed mode" name="java.vm.info"/>
    <property value="1.5.0_19" name="java.version"/>
    <property value="/opt/jdk1.5.0_19/jre/lib/ext" name="java.ext.dirs"/>
    <property value="/opt/jdk1.5.0_19/jre/lib/rt.jar:/opt/jdk1.5.0_19/jre/lib/i18n.jar:/opt/jdk1.5.0_19/jre/lib/sunrsasign.jar:/opt/jdk1.5.0_19/jre/lib/jsse.jar:/opt/jdk1.5.0_19/jre/lib/jce.jar:/opt/jdk1.5.0_19/jre/lib/charsets.jar:/opt/jdk1.5.0_19/jre/classes" name="sun.boot.class.path"/>
    <property value="Sun Microsystems Inc." name="java.vendor"/>
    <property value="/home/nboldt/.m2/repository" name="localRepository"/>
    <property value="/" name="file.separator"/>
    <property value="http://java.sun.com/cgi-bin/bugreport.cgi" name="java.vendor.url.bug"/>
    <property value="little" name="sun.cpu.endian"/>
    <property value="UnicodeLittle" name="sun.io.unicode.encoding"/>
    <property value="gnome" name="sun.desktop"/>
    <property value="" name="sun.cpu.isalist"/>
  </properties>
  <testcase classname="org.jboss.maven.plugin.sample_project.AppTest" time="0.02" name="testApp"/>
  <testcase classname="org.jboss.maven.plugin.sample_project.AppTest" time="0.006" name="testTouched">
    <error type="java.lang.NullPointerException">java.lang.NullPointerException
	at org.jboss.maven.plugin.sample_plugin.MyMojo.execute(MyMojo.java:48)
	at org.jboss.maven.plugin.sample_project.AppTest.testTouched(AppTest.java:46)
	at sun.reflect.NativeMethodAccessorImpl.invoke0(Native Method)
	at sun.reflect.NativeMethodAccessorImpl.invoke(NativeMethodAccessorImpl.java:39)
	at sun.reflect.DelegatingMethodAccessorImpl.invoke(DelegatingMethodAccessorImpl.java:25)
	at java.lang.reflect.Method.invoke(Method.java:585)
	at org.junit.internal.runners.TestMethodRunner.executeMethodBody(TestMethodRunner.java:99)
	at org.junit.internal.runners.TestMethodRunner.runUnprotected(TestMethodRunner.java:81)
	at org.junit.internal.runners.BeforeAndAfterRunner.runProtected(BeforeAndAfterRunner.java:34)
	at org.junit.internal.runners.TestMethodRunner.runMethod(TestMethodRunner.java:75)
	at org.junit.internal.runners.TestMethodRunner.run(TestMethodRunner.java:45)
	at org.junit.internal.runners.TestClassMethodsRunner.invokeTestMethod(TestClassMethodsRunner.java:71)
	at org.junit.internal.runners.TestClassMethodsRunner.run(TestClassMethodsRunner.java:35)
	at org.junit.internal.runners.TestClassRunner$1.runUnprotected(TestClassRunner.java:42)
	at org.junit.internal.runners.BeforeAndAfterRunner.runProtected(BeforeAndAfterRunner.java:34)
	at org.junit.internal.runners.TestClassRunner.run(TestClassRunner.java:52)
	at org.apache.maven.surefire.junit4.JUnit4TestSet.execute(JUnit4TestSet.java:59)
	at org.apache.maven.surefire.suite.AbstractDirectoryTestSuite.executeTestSet(AbstractDirectoryTestSuite.java:115)
	at org.apache.maven.surefire.suite.AbstractDirectoryTestSuite.execute(AbstractDirectoryTestSuite.java:102)
	at org.apache.maven.surefire.Surefire.run(Surefire.java:180)
	at sun.reflect.NativeMethodAccessorImpl.invoke0(Native Method)
	at sun.reflect.NativeMethodAccessorImpl.invoke(NativeMethodAccessorImpl.java:39)
	at sun.reflect.DelegatingMethodAccessorImpl.invoke(DelegatingMethodAccessorImpl.java:25)
	at java.lang.reflect.Method.invoke(Method.java:585)
	at org.apache.maven.surefire.booter.SurefireBooter.runSuitesInProcess(SurefireBooter.java:350)
	at org.apache.maven.surefire.booter.SurefireBooter.main(SurefireBooter.java:1021)
</error>
  </testcase>
</testsuite>